<component name="libraryTable">
  <library name="junit-4.13">
    <CLASSES>
      <root url="jar://$PROJECT_DIR$/null/Coursier/cache/v1/https/repo1.maven.org/maven2/junit/junit/4.13/junit-4.13.jar!/" />
    </CLASSES>
    <JAVADOC />
    <SOURCES />
  </library>
</component>